	Exporter version: 4.6.1, Blender version: 2.69 (sub 0)
========= Conversion from Blender to Babylon.js =========
	Scene settings used:
		selected layers only:  false
		flat shading entire scene:  false
		inline textures:  false
		texture directory:  /home/bricktheworld/Downloads/Code/Battlefront/public/Models/
	Python World class constructor completed
	processing begun of mesh:  NebulonB
		processing begun of Standard material:  _nebulon0_INSIDE
		processing begun of Standard material:  _nebulon0_OUT1
		processing begun of Standard material:  _nebulon0_OUTSID
		processing begun of Standard material:  _nebulon0_INS1
		processing begun of Standard material:  _nebulonDefault
		processing begun of Standard material:  _nebulon0_TOP
		processing begun of Standard material:  _nebulon0_ENGINE
		processing begun of Standard material:  _nebulon0_WHITE_
		processing begun of multimaterial:  NebulonBFrigate.Multimaterial#0
		num positions      :  18844
		num normals        :  18844
		num uvs            :  37688
		num uvs2           :  0
		num colors         :  0
		num indices        :  92118
	processing begun of camera (FreeCamera):  Camera
	processing begun of light (POINT):  Lamp
========= Writing of scene file started =========
========= Writing of scene file completed =========
========= end of processing =========
elapsed time:  0 min, 5.2907 secs
