	Exporter version: 4.6.1, Blender version: 2.69 (sub 0)
========= Conversion from Blender to Babylon.js =========
	Scene settings used:
		selected layers only:  false
		flat shading entire scene:  false
		inline textures:  false
		texture directory:  /home/bricktheworld/Downloads/Code/Battlefront/public/Models/
	Python World class constructor completed
	processing begun of mesh:  Laser
		processing begun of Standard material:  Material
		num positions      :  128
		num normals        :  128
		num uvs            :  0
		num uvs2           :  0
		num colors         :  0
		num indices        :  744
	processing begun of camera (FreeCamera):  Camera_Perspective46
	processing begun of light (POINT):  V_Ray_Omni
	processing begun of light (POINT):  V_Ray_Omni1
========= Writing of scene file started =========
========= Writing of scene file completed =========
========= end of processing =========
elapsed time:  0 min, 0.0598 secs
